<?xml version="1.0" encoding="UTF-8"?>
<!-- Generated by org.testng.reporters.JUnitReportReporter -->
<testsuite skipped="0" hostname="LAPTOP-6K01ST59" name="p1.TestA" tests="3" failures="0" timestamp="2023-01-09T11:30:16 IST" time="0.031" errors="0">
  <testcase name="tc003" time="0.003" classname="p1.TestA"/>
  <system-out>
    <![CDATA[tc003 executed successful]]>
  </system-out>
  <testcase name="tc001" time="0.024" classname="p1.TestA"/>
  <system-out>
    <![CDATA[tc001 executed successful]]>
  </system-out>
  <testcase name="tc002" time="0.004" classname="p1.TestA"/>
  <system-out>
    <![CDATA[tc002 executed successful]]>
  </system-out>
</testsuite> <!-- p1.TestA -->
