<?xml version="1.0" encoding="UTF-8"?>
<!-- Generated by org.testng.reporters.JUnitReportReporter -->
<testsuite skipped="0" hostname="LAPTOP-6K01ST59" name="p1.TestA" tests="3" failures="0" timestamp="2023-01-13T19:00:12 IST" time="0.042" errors="0">
  <testcase name="tc003" time="0.000" classname="p1.TestA"/>
  <system-out>
tc003 executed successful  </system-out>
  <testcase name="tc002" time="0.008" classname="p1.TestA"/>
  <system-out>
tc002 executed successful  </system-out>
  <testcase name="tc001" time="0.034" classname="p1.TestA"/>
  <system-out>
tc001 executed successful  </system-out>
</testsuite> <!-- p1.TestA -->
